mode: set
github.com/GolangToolKits/go-http-proxy/goProxy.go:16.62,21.52 5 1
github.com/GolangToolKits/go-http-proxy/goProxy.go:21.52,24.18 3 1
github.com/GolangToolKits/go-http-proxy/goProxy.go:24.18,26.4 1 1
github.com/GolangToolKits/go-http-proxy/goProxy.go:26.9,28.4 1 1
github.com/GolangToolKits/go-http-proxy/goProxy.go:29.8,33.19 4 1
github.com/GolangToolKits/go-http-proxy/goProxy.go:33.19,36.4 2 1
github.com/GolangToolKits/go-http-proxy/goProxy.go:36.9,39.4 2 1
github.com/GolangToolKits/go-http-proxy/goProxy.go:41.2,41.24 1 1
github.com/GolangToolKits/go-http-proxy/goProxy.go:45.68,51.52 6 1
github.com/GolangToolKits/go-http-proxy/goProxy.go:51.52,54.18 3 1
github.com/GolangToolKits/go-http-proxy/goProxy.go:54.18,56.4 1 0
github.com/GolangToolKits/go-http-proxy/goProxy.go:56.9,58.4 1 1
github.com/GolangToolKits/go-http-proxy/goProxy.go:59.8,62.17 3 1
github.com/GolangToolKits/go-http-proxy/goProxy.go:62.17,66.4 3 1
github.com/GolangToolKits/go-http-proxy/goProxy.go:68.2,68.29 1 1
github.com/GolangToolKits/go-http-proxy/goProxy.go:72.31,74.2 1 1
github.com/GolangToolKits/go-http-proxy/mockGoProxy.go:18.66,22.18 4 1
github.com/GolangToolKits/go-http-proxy/mockGoProxy.go:22.18,26.3 3 1
github.com/GolangToolKits/go-http-proxy/mockGoProxy.go:27.2,27.41 1 1
github.com/GolangToolKits/go-http-proxy/mockGoProxy.go:31.72,35.16 4 1
github.com/GolangToolKits/go-http-proxy/mockGoProxy.go:35.16,37.3 1 1
github.com/GolangToolKits/go-http-proxy/mockGoProxy.go:38.2,38.46 1 1
github.com/GolangToolKits/go-http-proxy/mockGoProxy.go:43.35,45.2 1 1
